[2026-02-06 01:55:34] commit #1 — daily: improve agent performance
[2026-02-06 01:55:34] commit #2 — daily: tune hyperparameters
[2026-02-06 01:55:34] commit #3 — daily: improve agent performance
[2026-02-06 11:58:47] commit #1 — daily: improve agent performance
[2026-02-06 11:58:47] commit #2 — daily: adjust indicators
[2026-02-06 11:58:47] commit #3 — daily: update documentation
[2026-02-06 14:00:01] commit #1 — daily: analyze market data
[2026-02-06 14:00:01] commit #2 — daily: review backtest results
[2026-02-06 14:00:02] commit #3 — daily: optimize reward shaping
[2026-02-07 01:21:09] commit #1 — daily: monitor agent metrics
[2026-02-07 01:21:11] commit #2 — daily: data pipeline maintenance
[2026-02-07 01:21:11] commit #3 — daily: update training logs
[2026-02-07 10:00:02] commit #1 — daily: optimize reward shaping
[2026-02-07 10:00:03] commit #2 — daily: update documentation
[2026-02-07 10:00:03] commit #3 — daily: monitor agent metrics
[2026-02-07 14:00:04] commit #1 — daily: update training logs
[2026-02-07 14:00:06] commit #2 — daily: optimize reward shaping
[2026-02-07 14:00:07] commit #3 — daily: monitor agent metrics
[2026-02-08 14:14:38] commit #1 — daily: tune hyperparameters
[2026-02-08 14:14:39] commit #2 — daily: improve agent performance
[2026-02-08 14:14:39] commit #3 — daily: monitor agent metrics
[2026-02-08 20:50:54] commit #1 — daily: improve agent performance
[2026-02-08 20:50:54] commit #2 — daily: analyze market data
[2026-02-08 20:50:55] commit #3 — daily: experiment with features
[2026-02-09 14:48:23] commit #1 — daily: improve agent performance
[2026-02-09 14:48:23] commit #2 — daily: review backtest results
